0 info it worked if it ends with ok
1 verbose cli [ 'node', '/usr/local/bin/npm', 'install', '-g', 'node-inspector' ]
2 info using npm@1.4.14
3 info using node@v0.10.29
4 verbose cache add [ 'node-inspector', null ]
5 verbose cache add name=undefined spec="node-inspector" args=["node-inspector",null]
6 verbose parsed url { protocol: null,
6 verbose parsed url   slashes: null,
6 verbose parsed url   auth: null,
6 verbose parsed url   host: null,
6 verbose parsed url   port: null,
6 verbose parsed url   hostname: null,
6 verbose parsed url   hash: null,
6 verbose parsed url   search: null,
6 verbose parsed url   query: null,
6 verbose parsed url   pathname: 'node-inspector',
6 verbose parsed url   path: 'node-inspector',
6 verbose parsed url   href: 'node-inspector' }
7 silly lockFile 4198ef9e-node-inspector node-inspector
8 verbose lock node-inspector /Users/unni/.npm/4198ef9e-node-inspector.lock
9 silly lockFile 4198ef9e-node-inspector node-inspector
10 silly lockFile 4198ef9e-node-inspector node-inspector
11 verbose addNamed [ 'node-inspector', '' ]
12 verbose addNamed [ null, '*' ]
13 silly lockFile e68b88da-node-inspector node-inspector@
14 verbose lock node-inspector@ /Users/unni/.npm/e68b88da-node-inspector.lock
15 silly addNameRange { name: 'node-inspector', range: '*', hasData: false }
16 verbose url raw node-inspector
17 verbose url resolving [ 'https://registry.npmjs.org/', './node-inspector' ]
18 verbose url resolved https://registry.npmjs.org/node-inspector
19 info trying registry request attempt 1 at 02:01:42
20 verbose etag "96KN1DZT0J3FC24H7XLIRKEWY"
21 http GET https://registry.npmjs.org/node-inspector
22 http 304 https://registry.npmjs.org/node-inspector
23 silly registry.get cb [ 304,
23 silly registry.get   { date: 'Sun, 30 Nov 2014 08:01:44 GMT',
23 silly registry.get     server: 'Apache',
23 silly registry.get     via: '1.1 varnish',
23 silly registry.get     'last-modified': 'Sun, 30 Nov 2014 08:01:44 GMT',
23 silly registry.get     'cache-control': 'max-age=60',
23 silly registry.get     etag: '"96KN1DZT0J3FC24H7XLIRKEWY"',
23 silly registry.get     age: '0',
23 silly registry.get     'x-served-by': 'cache-ord1723-ORD',
23 silly registry.get     'x-cache': 'HIT',
23 silly registry.get     'x-cache-hits': '1',
23 silly registry.get     'x-timer': 'S1417334504.056175,VS0,VE227',
23 silly registry.get     vary: 'Accept',
23 silly registry.get     'content-length': '0',
23 silly registry.get     'keep-alive': 'timeout=10, max=50',
23 silly registry.get     connection: 'Keep-Alive' } ]
24 verbose etag node-inspector from cache
25 silly addNameRange number 2 { name: 'node-inspector', range: '*', hasData: true }
26 silly addNameRange versions [ 'node-inspector',
26 silly addNameRange   [ '0.0.1',
26 silly addNameRange     '0.0.2',
26 silly addNameRange     '0.0.3',
26 silly addNameRange     '0.0.4',
26 silly addNameRange     '0.1.0',
26 silly addNameRange     '0.1.1',
26 silly addNameRange     '0.1.2',
26 silly addNameRange     '0.1.3',
26 silly addNameRange     '0.1.4',
26 silly addNameRange     '0.1.5',
26 silly addNameRange     '0.1.6',
26 silly addNameRange     '0.1.7',
26 silly addNameRange     '0.1.8',
26 silly addNameRange     '0.1.9',
26 silly addNameRange     '0.1.10',
26 silly addNameRange     '0.3.0',
26 silly addNameRange     '0.3.1',
26 silly addNameRange     '0.3.2',
26 silly addNameRange     '0.3.3',
26 silly addNameRange     '0.3.4',
26 silly addNameRange     '0.4.0',
26 silly addNameRange     '0.5.0',
26 silly addNameRange     '0.6.0',
26 silly addNameRange     '0.6.1',
26 silly addNameRange     '0.6.2',
26 silly addNameRange     '0.7.0-1',
26 silly addNameRange     '0.2.0-beta1',
26 silly addNameRange     '0.2.0-beta2',
26 silly addNameRange     '0.2.0-beta3',
26 silly addNameRange     '0.2.0-beta4',
26 silly addNameRange     '0.3.0-preview1',
26 silly addNameRange     '0.7.0-2',
26 silly addNameRange     '0.7.0',
26 silly addNameRange     '0.7.1',
26 silly addNameRange     '0.7.2',
26 silly addNameRange     '0.7.3',
26 silly addNameRange     '0.7.4' ] ]
27 verbose addNamed [ 'node-inspector', '0.7.4' ]
28 verbose addNamed [ '0.7.4', '0.7.4' ]
29 silly lockFile aae362fc-node-inspector-0-7-4 node-inspector@0.7.4
30 verbose lock node-inspector@0.7.4 /Users/unni/.npm/aae362fc-node-inspector-0-7-4.lock
31 silly lockFile aae362fc-node-inspector-0-7-4 node-inspector@0.7.4
32 silly lockFile aae362fc-node-inspector-0-7-4 node-inspector@0.7.4
33 silly lockFile e68b88da-node-inspector node-inspector@
34 silly lockFile e68b88da-node-inspector node-inspector@
35 silly resolved [ { name: 'node-inspector',
35 silly resolved     version: '0.7.4',
35 silly resolved     description: 'Web Inspector based nodeJS debugger',
35 silly resolved     homepage: 'http://github.com/node-inspector/node-inspector',
35 silly resolved     author: { name: 'Danny Coates', email: 'dannycoates@gmail.com' },
35 silly resolved     keywords: [ 'debug', 'debugger', 'inspector', 'profiler' ],
35 silly resolved     repository:
35 silly resolved      { type: 'git',
35 silly resolved        url: 'http://github.com/node-inspector/node-inspector.git' },
35 silly resolved     engines: { node: '>=0.8.0' },
35 silly resolved     bin:
35 silly resolved      { 'node-inspector': './bin/inspector.js',
35 silly resolved        'node-debug': './bin/node-debug.js' },
35 silly resolved     dependencies:
35 silly resolved      { express: '~4.0',
35 silly resolved        async: '~0.8',
35 silly resolved        glob: '~3.2.1',
35 silly resolved        rc: '~0.3.0',
35 silly resolved        'strong-data-uri': '~0.1.0',
35 silly resolved        debug: '~0.8',
35 silly resolved        ws: '~0.4.31',
35 silly resolved        opener: '~1.3.0',
35 silly resolved        yargs: '~1.2.1',
35 silly resolved        which: '~1.0.5' },
35 silly resolved     devDependencies:
35 silly resolved      { mocha: 'latest',
35 silly resolved        chai: 'latest',
35 silly resolved        jshint: '^2.4.4',
35 silly resolved        'fs-extra': '~0.8.1' },
35 silly resolved     preferGlobal: true,
35 silly resolved     scripts: { pretest: 'jshint .', test: 'mocha' },
35 silly resolved     contributors:
35 silly resolved      [ [Object],
35 silly resolved        [Object],
35 silly resolved        [Object],
35 silly resolved        [Object],
35 silly resolved        [Object],
35 silly resolved        [Object],
35 silly resolved        [Object],
35 silly resolved        [Object],
35 silly resolved        [Object],
35 silly resolved        [Object],
35 silly resolved        [Object],
35 silly resolved        [Object],
35 silly resolved        [Object],
35 silly resolved        [Object],
35 silly resolved        [Object],
35 silly resolved        [Object],
35 silly resolved        [Object],
35 silly resolved        [Object],
35 silly resolved        [Object],
35 silly resolved        [Object],
35 silly resolved        [Object],
35 silly resolved        [Object],
35 silly resolved        [Object],
35 silly resolved        [Object],
35 silly resolved        [Object],
35 silly resolved        [Object],
35 silly resolved        [Object],
35 silly resolved        [Object],
35 silly resolved        [Object],
35 silly resolved        [Object],
35 silly resolved        [Object] ],
35 silly resolved     bugs: { url: 'https://github.com/node-inspector/node-inspector/issues' },
35 silly resolved     _id: 'node-inspector@0.7.4',
35 silly resolved     dist:
35 silly resolved      { shasum: '3d07234f0834e7f1e21a1669eceaa224a7be43f2',
35 silly resolved        tarball: 'http://registry.npmjs.org/node-inspector/-/node-inspector-0.7.4.tgz' },
35 silly resolved     _from: 'node-inspector@',
35 silly resolved     _npmVersion: '1.4.3',
35 silly resolved     _npmUser: { name: 'bajtos', email: 'miro.bajtos@gmail.com' },
35 silly resolved     maintainers: [ [Object], [Object], [Object], [Object] ],
35 silly resolved     directories: {},
35 silly resolved     _shasum: '3d07234f0834e7f1e21a1669eceaa224a7be43f2',
35 silly resolved     _resolved: 'https://registry.npmjs.org/node-inspector/-/node-inspector-0.7.4.tgz',
35 silly resolved     readme: 'ERROR: No README data found!' } ]
36 info install node-inspector@0.7.4 into /usr/local/lib
37 info installOne node-inspector@0.7.4
38 info /usr/local/lib/node_modules/node-inspector unbuild
39 verbose tar unpack /Users/unni/.npm/node-inspector/0.7.4/package.tgz
40 silly lockFile 6e6fbd08--lib-node-modules-node-inspector tar:///usr/local/lib/node_modules/node-inspector
41 verbose lock tar:///usr/local/lib/node_modules/node-inspector /Users/unni/.npm/6e6fbd08--lib-node-modules-node-inspector.lock
42 silly lockFile 9fd30ee3-node-inspector-0-7-4-package-tgz tar:///Users/unni/.npm/node-inspector/0.7.4/package.tgz
43 verbose lock tar:///Users/unni/.npm/node-inspector/0.7.4/package.tgz /Users/unni/.npm/9fd30ee3-node-inspector-0-7-4-package-tgz.lock
44 silly gunzTarPerm modes [ '755', '644' ]
45 error Error: EACCES, mkdir '/usr/local/lib/node_modules/node-inspector'
45 error  { [Error: EACCES, mkdir '/usr/local/lib/node_modules/node-inspector']
45 error   errno: 3,
45 error   code: 'EACCES',
45 error   path: '/usr/local/lib/node_modules/node-inspector',
45 error   fstream_type: 'Directory',
45 error   fstream_path: '/usr/local/lib/node_modules/node-inspector',
45 error   fstream_class: 'DirWriter',
45 error   fstream_stack:
45 error    [ '/usr/local/lib/node_modules/npm/node_modules/fstream/lib/dir-writer.js:36:23',
45 error      '/usr/local/lib/node_modules/npm/node_modules/mkdirp/index.js:37:53',
45 error      'Object.oncomplete (fs.js:107:15)' ] }
46 error Please try running this command again as root/Administrator.
47 error System Darwin 14.0.0
48 error command "node" "/usr/local/bin/npm" "install" "-g" "node-inspector"
49 error cwd /Users/unni/meteor/twopanel
50 error node -v v0.10.29
51 error npm -v 1.4.14
52 error path /usr/local/lib/node_modules/node-inspector
53 error fstream_path /usr/local/lib/node_modules/node-inspector
54 error fstream_type Directory
55 error fstream_class DirWriter
56 error code EACCES
57 error errno 3
58 error stack Error: EACCES, mkdir '/usr/local/lib/node_modules/node-inspector'
59 error fstream_stack /usr/local/lib/node_modules/npm/node_modules/fstream/lib/dir-writer.js:36:23
59 error fstream_stack /usr/local/lib/node_modules/npm/node_modules/mkdirp/index.js:37:53
59 error fstream_stack Object.oncomplete (fs.js:107:15)
60 verbose exit [ 3, true ]
